[Roit] Initialized with 
    roi = EBA, 
    maximize = True
    alpha = 0.7
    gamma = 0.6
    seed = 42
    device = cuda
[Roit] Load dotenv:
    IPADAPTER = /scratch/vihps/vihps13/downloads/ip-adapter/ip-adapter_sd15.bin
    CHECKPOINTS = /scratch/vihps/vihps13/downloads/checkpoints
    MODEMBED = /scratch/vihps/vihps13/downloads/BrainACTIV_modulation_embeddings
[Roit] Loading models...
[log_time] Function '_load_diffusion_pipeline' executed in 19.273467 seconds
[log_time] Function '_load_ip_adapter' executed in 1.050795 seconds
[log_time] Function '_load_clip' executed in 3.908074 seconds
[Roit] All models loaded successfully
[log_time] Function '__init__' executed in 24.234028 seconds
[log_time] Function '_load_mod_embed' executed in 0.004792 seconds
[log_time] Function 'modulated_embedding' executed in 6.859159 seconds
[log_time] Function 'transform' executed in 55.871612 seconds
[log_time] Function 'transform_imset' executed in 55.871650 seconds
[log_time] Function '_load_mod_embed' executed in 0.001178 seconds
[log_time] Function 'modulated_embedding' executed in 0.027621 seconds
[log_time] Function 'transform' executed in 1.554458 seconds
[log_time] Function 'transform_imset' executed in 1.554533 seconds
[log_time] Function '_load_mod_embed' executed in 0.014846 seconds
[log_time] Function 'modulated_embedding' executed in 0.039536 seconds
[log_time] Function 'transform' executed in 1.585106 seconds
[log_time] Function 'transform_imset' executed in 1.585161 seconds
[log_time] Function '_load_mod_embed' executed in 0.023712 seconds
[log_time] Function 'modulated_embedding' executed in 0.112137 seconds
[log_time] Function 'transform' executed in 1.704300 seconds
[log_time] Function 'transform_imset' executed in 1.704350 seconds
[log_time] Function '_load_mod_embed' executed in 0.013165 seconds
[log_time] Function 'modulated_embedding' executed in 0.096258 seconds
[log_time] Function 'transform' executed in 1.688928 seconds
[log_time] Function 'transform_imset' executed in 1.688991 seconds
[log_time] Function '_load_mod_embed' executed in 0.017841 seconds
[log_time] Function 'modulated_embedding' executed in 0.106645 seconds
[log_time] Function 'transform' executed in 1.700667 seconds
[log_time] Function 'transform_imset' executed in 1.700733 seconds
[log_time] Function '_load_mod_embed' executed in 0.018837 seconds
[log_time] Function 'modulated_embedding' executed in 0.106930 seconds
[log_time] Function 'transform' executed in 1.628167 seconds
[log_time] Function 'transform_imset' executed in 1.628233 seconds
[log_time] Function '_load_mod_embed' executed in 0.056341 seconds
[log_time] Function 'modulated_embedding' executed in 0.082651 seconds
[log_time] Function 'transform' executed in 1.601790 seconds
[log_time] Function 'transform_imset' executed in 1.601859 seconds
[log_time] Function '_load_mod_embed' executed in 0.014564 seconds
[log_time] Function 'modulated_embedding' executed in 0.039511 seconds
[log_time] Function 'transform' executed in 1.557846 seconds
[log_time] Function 'transform_imset' executed in 1.557906 seconds
[log_time] Function '_load_mod_embed' executed in 0.014843 seconds
[log_time] Function 'modulated_embedding' executed in 0.041588 seconds
[log_time] Function 'transform' executed in 1.561194 seconds
[log_time] Function 'transform_imset' executed in 1.561256 seconds
