accelerate==1.12.0
aiohappyeyeballs==2.6.1
aiohttp==3.13.3
aiosignal==1.4.0
annotated-doc==0.0.4
anyio==4.12.1
async-timeout==5.0.1
attrs==25.4.0
BrainACTIV @ git+https://github.com/Mandelbroetchen/BrainACTIV.git@f249682fb926ffae8d646aea9284bdc16dc37c2f
certifi==2026.1.4
charset-normalizer==3.4.4
click==8.3.1
contourpy==1.3.2
cycler==0.12.1
diffusers==0.36.0
dotenv==0.9.9
einops==0.8.2
exceptiongroup==1.3.1
filelock==3.20.0
fonttools==4.61.1
frozenlist==1.8.0
fsspec==2025.12.0
h11==0.16.0
hf-xet==1.2.0
httpcore==1.0.9
httpx==0.28.1
huggingface_hub==1.4.1
idna==3.11
importlib_metadata==8.7.1
ip-adapter @ git+https://github.com/tencent-ailab/IP-Adapter.git@62e4af9d0c1ac7d5f8dd386a0ccf2211346af1a2
Jinja2==3.1.6
kiwisolver==1.4.9
lightning==2.6.1
lightning-utilities==0.15.2
markdown-it-py==4.0.0
MarkupSafe==2.1.5
matplotlib==3.10.8
mdurl==0.1.2
mpmath==1.3.0
multidict==6.7.1
networkx==3.4.2
numpy==2.2.6
packaging @ file:///home/task_176104877067765/conda-bld/packaging_1761049113113/work
pillow==12.0.0
propcache==0.4.1
psutil==7.2.2
Pygments==2.19.2
pyparsing==3.3.2
python-dateutil==2.9.0.post0
python-dotenv==1.2.1
pytorch-lightning==2.6.1
pytorch-triton-rocm==3.5.1
PyYAML==6.0.3
regex==2026.1.15
requests==2.32.5
rich==14.3.2
safetensors==0.7.0
shellingham==1.5.4
six==1.17.0
sympy==1.14.0
tokenizers==0.22.2
torch==2.9.1+rocm6.4
torchmetrics==1.8.2
torchvision==0.24.1+rocm6.4
tqdm==4.67.3
transformers==5.2.0
typer==0.24.0
typer-slim==0.24.0
typing_extensions==4.15.0
urllib3==2.6.3
yarl==1.22.0
zipp==3.23.0
